Job started at: Thu Feb 13 21:32:52 GMT 2025
Running on node: gpu-q-38
Loading rhel8/default-amp
  Loading requirement: rhel8/slurm singularity/current rhel8/global cuda/11.4
    libpciaccess/0.16/gcc-9.4.0-6fonbj6 libiconv/1.16/gcc-9.4.0-ahebbov
    libxml2/2.9.12/gcc-9.4.0-gnknt5e ncurses/6.2/gcc-9.4.0-aiirok7
    hwloc/2.5.0/gcc-9.4.0-7sqomga libevent/2.1.12/gcc-9.4.0-hgny7cm
    numactl/2.0.14/gcc-9.4.0-52dwc6n cuda/11.4.0/gcc-9.4.0-3hnxhjt
    gdrcopy/2.2/gcc-9.4.0-e4igtfp knem/1.1.4/gcc-9.4.0-bpbxgva
    libnl/3.3.0/gcc-9.4.0-whwhrwb rdma-core/34.0/gcc-9.4.0-5eo5n2u
    ucx/1.11.1/gcc-9.4.0-lktqyl4 openmpi/4.1.1/gcc-9.4.0-epagguv
Current directory: /home/jaf98/rds/hpc-work/geometric-rna-design

CONFIG
    device: gpu
    gpu: 0
    seed: 0
    save: True
    data_path: /rds/user/jaf98/hpc-work/geometric-rna-design/data/
    radius: 4.5
    top_k: 32
    num_rbf: 32
    num_posenc: 32
    max_num_conformers: 1
    noise_scale: 0.1
    max_nodes_batch: 3000
    max_nodes_sample: 5000
    split: das
    model: ARv1
    node_in_dim: [15, 4]
    node_h_dim: [128, 16]
    edge_in_dim: [131, 3]
    edge_h_dim: [64, 4]
    num_layers: 4
    drop_rate: 0.5
    out_dim: 4
    epochs: 50
    lr: 0.0001
    label_smoothing: 0.05
    batch_size: 8
    num_workers: 8
    val_every: 5
    model_path: checkpoints/gRNAde_ARv1_1state_das.h5
    evaluate: True
    n_samples: 16
    temperature: 0.1

MODEL
    AutoregressiveMultiGNNv1(
  (W_v): Sequential(
    (0): LayerNorm(
      (scalar_norm): LayerNorm((15,), eps=1e-05, elementwise_affine=True)
    )
    (1): GVP(
      (wh): Linear(in_features=4, out_features=16, bias=False)
      (ws): Linear(in_features=31, out_features=128, bias=True)
      (wv): Linear(in_features=16, out_features=16, bias=False)
      (wsv): Linear(in_features=128, out_features=16, bias=True)
    )
  )
  (W_e): Sequential(
    (0): LayerNorm(
      (scalar_norm): LayerNorm((131,), eps=1e-05, elementwise_affine=True)
    )
    (1): GVP(
      (wh): Linear(in_features=3, out_features=4, bias=False)
      (ws): Linear(in_features=135, out_features=64, bias=True)
      (wv): Linear(in_features=4, out_features=4, bias=False)
      (wsv): Linear(in_features=64, out_features=4, bias=True)
    )
  )
  (encoder_layers): ModuleList(
    (0-3): 4 x MultiGVPConvLayer(
      (conv): MultiGVPConv()
      (norm): ModuleList(
        (0-1): 2 x LayerNorm(
          (scalar_norm): LayerNorm((128,), eps=1e-05, elementwise_affine=True)
        )
      )
      (dropout): ModuleList(
        (0-1): 2 x Dropout(
          (sdropout): Dropout(p=0.5, inplace=False)
          (vdropout): _VDropout()
        )
      )
      (ff_func): Sequential(
        (0): GVP(
          (wh): Linear(in_features=16, out_features=32, bias=False)
          (ws): Linear(in_features=160, out_features=512, bias=True)
          (wv): Linear(in_features=32, out_features=32, bias=False)
          (wsv): Linear(in_features=512, out_features=32, bias=True)
        )
        (1): GVP(
          (wh): Linear(in_features=32, out_features=32, bias=False)
          (ws): Linear(in_features=544, out_features=128, bias=True)
          (wv): Linear(in_features=32, out_features=16, bias=False)
          (wsv): Linear(in_features=128, out_features=16, bias=True)
        )
      )
    )
  )
  (W_s): Embedding(4, 4)
  (decoder_layers): ModuleList(
    (0-3): 4 x GVPConvLayer(
      (conv): GVPConv()
      (norm): ModuleList(
        (0-1): 2 x LayerNorm(
          (scalar_norm): LayerNorm((128,), eps=1e-05, elementwise_affine=True)
        )
      )
      (dropout): ModuleList(
        (0-1): 2 x Dropout(
          (sdropout): Dropout(p=0.5, inplace=False)
          (vdropout): _VDropout()
        )
      )
      (ff_func): Sequential(
        (0): GVP(
          (wh): Linear(in_features=16, out_features=32, bias=False)
          (ws): Linear(in_features=160, out_features=512, bias=True)
          (wv): Linear(in_features=32, out_features=32, bias=False)
          (wsv): Linear(in_features=512, out_features=32, bias=True)
        )
        (1): GVP(
          (wh): Linear(in_features=32, out_features=32, bias=False)
          (ws): Linear(in_features=544, out_features=128, bias=True)
          (wv): Linear(in_features=32, out_features=16, bias=False)
          (wsv): Linear(in_features=128, out_features=16, bias=True)
        )
      )
    )
  )
  (W_out): GVP(
    (wh): Linear(in_features=16, out_features=16, bias=False)
    (ws): Linear(in_features=144, out_features=4, bias=True)
  )
)
    Total parameters: 2147944

TEST DATASET
    Pre-processing 40 samples
    Finished: 40 pre-processed samples
Loading RibonanzaNet checkpoint: /home/jaf98/rds/hpc-work/geometric-rna-design/tools/ribonanzanet/ribonanzanet.pt
Loading RhoFold checkpoint: /home/jaf98/rds/hpc-work/geometric-rna-design/tools/rhofold/model_20221010_params.pt
Adjusted mask_seq shape: (121,)
Shape of _samples: (16, 121)
Shape of mask_seq: (121,)
Adjusted mask_seq shape: (121,)
Shape of _samples: (16, 121)
Shape of mask_seq: (121,)
[1;34mwandb[0m: 
[1;34mwandb[0m: 🚀 View run [33mdrawn-rain-7[0m at: [34mhttps://wandb.ai/jaf98-university-of-cambridge/gRNAde/runs/yh56mp9q[0m
[1;34mwandb[0m: Find logs at: [1;35m../../../../../rds/user/jaf98/hpc-work/geometric-rna-design/wandb/wandb/run-20250213_213325-yh56mp9q/logs[0m
Job finished at: Thu Feb 13 21:34:34 GMT 2025
