/home/jaf98/miniforge3/envs/rna/lib/python3.10/site-packages/Bio/Application/__init__.py:39: BiopythonDeprecationWarning: The Bio.Application modules and modules relying on it have been deprecated.

Due to the on going maintenance burden of keeping command line application
wrappers up to date, we have decided to deprecate and eventually remove these
modules.

We instead now recommend building your command line and invoking it directly
with the subprocess module.
  warnings.warn(
wandb: Currently logged in as: jaf98 (jaf98-university-of-cambridge) to https://api.wandb.ai. Use `wandb login --relogin` to force relogin
wandb: Using wandb-core as the SDK backend.  Please refer to https://wandb.me/wandb-core for more information.
wandb: Tracking run with wandb version 0.19.6
wandb: Run data is saved locally in /rds/user/jaf98/hpc-work/geometric-rna-design/wandb/wandb/run-20250214_122409-d7elfdxa
wandb: Run `wandb offline` to turn off syncing.
wandb: Syncing run spellbinding-admirer-9
wandb: ⭐️ View project at https://wandb.ai/jaf98-university-of-cambridge/gRNAde
wandb: 🚀 View run at https://wandb.ai/jaf98-university-of-cambridge/gRNAde/runs/d7elfdxa
  0%|          | 0/98 [00:00<?, ?it/s]  1%|          | 1/98 [00:00<00:24,  4.03it/s]100%|██████████| 98/98 [00:00<00:00, 345.02it/s]
  0%|          | 0/98 [00:00<?, ?it/s]  0%|          | 0/98 [00:08<?, ?it/s]
Traceback (most recent call last):
  File "/rds/user/jaf98/hpc-work/geometric-rna-design/main.py", line 262, in <module>
    main(config, device)
  File "/rds/user/jaf98/hpc-work/geometric-rna-design/main.py", line 54, in main
    results = evaluate(
  File "/rds/user/jaf98/hpc-work/geometric-rna-design/src/evaluator.py", line 234, in evaluate
    sc_score_ribonanzanet, pred_chem_mods = self_consistency_score_ribonanzanet(
  File "/rds/user/jaf98/hpc-work/geometric-rna-design/src/evaluator.py", line 434, in self_consistency_score_ribonanzanet
    pred_chem_mod = ribonanza_net.predict(_samples[:, mask_seq]).cpu().numpy()[:,:,0]
IndexError: boolean index did not match indexed array along axis 1; size of axis is 58 but size of corresponding boolean axis is 61
Traceback (most recent call last):
  File "/rds/user/jaf98/hpc-work/geometric-rna-design/main.py", line 262, in <module>
    main(config, device)
  File "/rds/user/jaf98/hpc-work/geometric-rna-design/main.py", line 54, in main
    results = evaluate(
  File "/rds/user/jaf98/hpc-work/geometric-rna-design/src/evaluator.py", line 234, in evaluate
    sc_score_ribonanzanet, pred_chem_mods = self_consistency_score_ribonanzanet(
  File "/rds/user/jaf98/hpc-work/geometric-rna-design/src/evaluator.py", line 434, in self_consistency_score_ribonanzanet
    pred_chem_mod = ribonanza_net.predict(_samples[:, mask_seq]).cpu().numpy()[:,:,0]
IndexError: boolean index did not match indexed array along axis 1; size of axis is 58 but size of corresponding boolean axis is 61
